<?xml version="1.0" encoding="UTF-8"?>
<testng-results skipped="0" failed="3" ignored="0" total="5" passed="2">
  <reporter-output>
    <line>
      <![CDATA[Clicked on Menu Flights]]>
    </line>
    <line>
      <![CDATA[Select on Stopway filter two]]>
    </line>
    <line>
      <![CDATA[Enter Depature City Delhi]]>
    </line>
    <line>
      <![CDATA[waiting to populate Auto Suggestion after entering City..]]>
    </line>
    <line>
      <![CDATA[selected city...]]>
    </line>
    <line>
      <![CDATA[Enter Arrival City Bangalore]]>
    </line>
    <line>
      <![CDATA[waiting to populate Auto Suggestion after entering City..]]>
    </line>
    <line>
      <![CDATA[selected city...]]>
    </line>
    <line>
      <![CDATA[Clicking on date 10/September/2019]]>
    </line>
    <line>
      <![CDATA[Clicking on date 17/September/2019]]>
    </line>
    <line>
      <![CDATA[Scrolling down to load complete Page content..]]>
    </line>
    <line>
      <![CDATA[***********No of flights after NonStop filter applied***************]]>
    </line>
    <line>
      <![CDATA[Scrolling up to view element from start..]]>
    </line>
    <line>
      <![CDATA[Clearing applied filters..]]>
    </line>
    <line>
      <![CDATA[***********No of flights after One STOP filter applied****************]]>
    </line>
    <line>
      <![CDATA[Scrolling up to view element from start..]]>
    </line>
    <line>
      <![CDATA[Clearing applied filters..]]>
    </line>
    <line>
      <![CDATA[Clicked on Flight number 2]]>
    </line>
    <line>
      <![CDATA[Clicked on Flight number 3]]>
    </line>
    <line>
      <![CDATA[Selected Arrival flight Name: Spicejet |SG-6290Spicejet |SG-415]]>
    </line>
    <line>
      <![CDATA[Selected Arrival flight Name: ₹ 6,619]]>
    </line>
    <line>
      <![CDATA[Selected Arrival flight Name: Spicejet |SG-6933AirAsia |I5-308]]>
    </line>
    <line>
      <![CDATA[Selected Arrival flight Name: Re Check-in of Baggage required]]>
    </line>
  </reporter-output>
  <suite name="Suite" duration-ms="67475" started-at="2019-09-09T15:50:44Z" finished-at="2019-09-09T15:51:51Z">
    <groups>
    </groups>
    <test name="MakeMyTrip" duration-ms="67475" started-at="2019-09-09T15:50:44Z" finished-at="2019-09-09T15:51:51Z">
      <class name="com.makeMyTrip.qa.testCases.HomePageTestCase">
        <test-method status="PASS" signature="setUp()[pri:0, instance:com.makeMyTrip.qa.testCases.HomePageTestCase@553f17c]" name="setUp" is-config="true" duration-ms="10105" started-at="2019-09-09T11:50:44Z" finished-at="2019-09-09T11:50:54Z">
          <reporter-output>
          </reporter-output>
        </test-method> <!-- setUp -->
        <test-method status="PASS" signature="Search()[pri:1, instance:com.makeMyTrip.qa.testCases.HomePageTestCase@553f17c]" name="Search" duration-ms="21073" started-at="2019-09-09T11:50:54Z" finished-at="2019-09-09T11:51:15Z">
          <reporter-output>
            <line>
              <![CDATA[Clicked on Menu Flights]]>
            </line>
            <line>
              <![CDATA[Select on Stopway filter two]]>
            </line>
            <line>
              <![CDATA[Enter Depature City Delhi]]>
            </line>
            <line>
              <![CDATA[waiting to populate Auto Suggestion after entering City..]]>
            </line>
            <line>
              <![CDATA[selected city...]]>
            </line>
            <line>
              <![CDATA[Enter Arrival City Bangalore]]>
            </line>
            <line>
              <![CDATA[waiting to populate Auto Suggestion after entering City..]]>
            </line>
            <line>
              <![CDATA[selected city...]]>
            </line>
            <line>
              <![CDATA[Clicking on date 10/September/2019]]>
            </line>
            <line>
              <![CDATA[Clicking on date 17/September/2019]]>
            </line>
          </reporter-output>
        </test-method> <!-- Search -->
      </class> <!-- com.makeMyTrip.qa.testCases.HomePageTestCase -->
      <class name="com.makeMyTrip.qa.testCases.FlightResultsPageTestCase">
        <test-method status="PASS" signature="Setup()[pri:0, instance:com.makeMyTrip.qa.testCases.FlightResultsPageTestCase@4f7d0008]" name="Setup" is-config="true" duration-ms="4" started-at="2019-09-09T11:51:15Z" finished-at="2019-09-09T11:51:15Z">
          <reporter-output>
          </reporter-output>
        </test-method> <!-- Setup -->
        <test-method status="PASS" signature="numberofFlights()[pri:1, instance:com.makeMyTrip.qa.testCases.FlightResultsPageTestCase@4f7d0008]" name="numberofFlights" duration-ms="13355" started-at="2019-09-09T11:51:15Z" finished-at="2019-09-09T11:51:28Z">
          <reporter-output>
            <line>
              <![CDATA[Scrolling down to load complete Page content..]]>
            </line>
          </reporter-output>
        </test-method> <!-- numberofFlights -->
        <test-method status="FAIL" signature="ValidateNumberOfFlightWith_NonStop()[pri:2, instance:com.makeMyTrip.qa.testCases.FlightResultsPageTestCase@4f7d0008]" name="ValidateNumberOfFlightWith_NonStop" duration-ms="11030" started-at="2019-09-09T11:51:28Z" finished-at="2019-09-09T11:51:39Z">
          <exception class="org.openqa.selenium.NoSuchElementException">
            <message>
              <![CDATA[no such element: Unable to locate element: {"method":"xpath","selector":"//label[@for='collapsed_057131c6-5289-4812-a26f-835d6435512c']//span[@class='check']"}
  (Session info: chrome=76.0.3809.132)
  (Driver info: chromedriver=72.0.3626.69 (3c16f8a135abc0d4da2dff33804db79b849a7c38),platform=Windows NT 10.0.17134 x86_64) (WARNING: The server did not provide any stacktrace information)
Command duration or timeout: 0 milliseconds
For documentation on this error, please visit: http://seleniumhq.org/exceptions/no_such_element.html
Build info: version: '3.5.3', revision: 'a88d25fe6b', time: '2017-08-29T12:42:44.417Z'
System info: host: 'DESKTOP-6QUM1LC', ip: '192.168.0.12', os.name: 'Windows 10', os.arch: 'amd64', os.version: '10.0', java.version: '1.8.0_201'
Driver info: org.openqa.selenium.chrome.ChromeDriver
Capabilities [{mobileEmulationEnabled=false, timeouts={implicit=0, pageLoad=300000, script=30000}, hasTouchScreen=false, platform=XP, acceptSslCerts=false, goog:chromeOptions={debuggerAddress=localhost:55526}, acceptInsecureCerts=false, webStorageEnabled=true, browserName=chrome, takesScreenshot=true, javascriptEnabled=true, platformName=XP, setWindowRect=true, unexpectedAlertBehaviour=ignore, applicationCacheEnabled=false, rotatable=false, networkConnectionEnabled=false, chrome={chromedriverVersion=72.0.3626.69 (3c16f8a135abc0d4da2dff33804db79b849a7c38), userDataDir=C:\Users\PC\AppData\Local\Temp\scoped_dir9376_29410}, takesHeapSnapshot=true, unhandledPromptBehavior=ignore, pageLoadStrategy=normal, databaseEnabled=false, handlesAlerts=true, version=76.0.3809.132, browserConnectionEnabled=false, proxy=Proxy(), nativeEvents=true, locationContextEnabled=true, cssSelectorsEnabled=true}]
Session ID: edd7523b93e3b83e51d10e7a3ef3a6d6
*** Element info: {Using=xpath, value=//label[@for='collapsed_057131c6-5289-4812-a26f-835d6435512c']//span[@class='check']}]]>
            </message>
            <full-stacktrace>
              <![CDATA[org.openqa.selenium.NoSuchElementException: no such element: Unable to locate element: {"method":"xpath","selector":"//label[@for='collapsed_057131c6-5289-4812-a26f-835d6435512c']//span[@class='check']"}
  (Session info: chrome=76.0.3809.132)
  (Driver info: chromedriver=72.0.3626.69 (3c16f8a135abc0d4da2dff33804db79b849a7c38),platform=Windows NT 10.0.17134 x86_64) (WARNING: The server did not provide any stacktrace information)
Command duration or timeout: 0 milliseconds
For documentation on this error, please visit: http://seleniumhq.org/exceptions/no_such_element.html
Build info: version: '3.5.3', revision: 'a88d25fe6b', time: '2017-08-29T12:42:44.417Z'
System info: host: 'DESKTOP-6QUM1LC', ip: '192.168.0.12', os.name: 'Windows 10', os.arch: 'amd64', os.version: '10.0', java.version: '1.8.0_201'
Driver info: org.openqa.selenium.chrome.ChromeDriver
Capabilities [{mobileEmulationEnabled=false, timeouts={implicit=0, pageLoad=300000, script=30000}, hasTouchScreen=false, platform=XP, acceptSslCerts=false, goog:chromeOptions={debuggerAddress=localhost:55526}, acceptInsecureCerts=false, webStorageEnabled=true, browserName=chrome, takesScreenshot=true, javascriptEnabled=true, platformName=XP, setWindowRect=true, unexpectedAlertBehaviour=ignore, applicationCacheEnabled=false, rotatable=false, networkConnectionEnabled=false, chrome={chromedriverVersion=72.0.3626.69 (3c16f8a135abc0d4da2dff33804db79b849a7c38), userDataDir=C:\Users\PC\AppData\Local\Temp\scoped_dir9376_29410}, takesHeapSnapshot=true, unhandledPromptBehavior=ignore, pageLoadStrategy=normal, databaseEnabled=false, handlesAlerts=true, version=76.0.3809.132, browserConnectionEnabled=false, proxy=Proxy(), nativeEvents=true, locationContextEnabled=true, cssSelectorsEnabled=true}]
Session ID: edd7523b93e3b83e51d10e7a3ef3a6d6
*** Element info: {Using=xpath, value=//label[@for='collapsed_057131c6-5289-4812-a26f-835d6435512c']//span[@class='check']}
	at sun.reflect.NativeConstructorAccessorImpl.newInstance0(Native Method)
	at sun.reflect.NativeConstructorAccessorImpl.newInstance(Unknown Source)
	at sun.reflect.DelegatingConstructorAccessorImpl.newInstance(Unknown Source)
	at java.lang.reflect.Constructor.newInstance(Unknown Source)
	at org.openqa.selenium.remote.ErrorHandler.createThrowable(ErrorHandler.java:215)
	at org.openqa.selenium.remote.ErrorHandler.throwIfResponseFailed(ErrorHandler.java:167)
	at org.openqa.selenium.remote.http.JsonHttpResponseCodec.reconstructValue(JsonHttpResponseCodec.java:40)
	at org.openqa.selenium.remote.http.AbstractHttpResponseCodec.decode(AbstractHttpResponseCodec.java:82)
	at org.openqa.selenium.remote.http.AbstractHttpResponseCodec.decode(AbstractHttpResponseCodec.java:45)
	at org.openqa.selenium.remote.HttpCommandExecutor.execute(HttpCommandExecutor.java:164)
	at org.openqa.selenium.remote.service.DriverCommandExecutor.execute(DriverCommandExecutor.java:82)
	at org.openqa.selenium.remote.RemoteWebDriver.execute(RemoteWebDriver.java:646)
	at org.openqa.selenium.remote.RemoteWebDriver.findElement(RemoteWebDriver.java:416)
	at org.openqa.selenium.remote.RemoteWebDriver.findElementByXPath(RemoteWebDriver.java:518)
	at org.openqa.selenium.By$ByXPath.findElement(By.java:361)
	at org.openqa.selenium.remote.RemoteWebDriver.findElement(RemoteWebDriver.java:408)
	at org.openqa.selenium.support.pagefactory.DefaultElementLocator.findElement(DefaultElementLocator.java:69)
	at org.openqa.selenium.support.pagefactory.internal.LocatingElementHandler.invoke(LocatingElementHandler.java:38)
	at com.sun.proxy.$Proxy9.click(Unknown Source)
	at com.makeMyTrip.qa.pages.FlightResultsPage.StopsFlights(FlightResultsPage.java:100)
	at com.makeMyTrip.qa.testCases.FlightResultsPageTestCase.ValidateNumberOfFlightWith_NonStop(FlightResultsPageTestCase.java:39)
	at sun.reflect.NativeMethodAccessorImpl.invoke0(Native Method)
	at sun.reflect.NativeMethodAccessorImpl.invoke(Unknown Source)
	at sun.reflect.DelegatingMethodAccessorImpl.invoke(Unknown Source)
	at java.lang.reflect.Method.invoke(Unknown Source)
	at org.testng.internal.MethodInvocationHelper.invokeMethod(MethodInvocationHelper.java:108)
	at org.testng.internal.Invoker.invokeMethod(Invoker.java:661)
	at org.testng.internal.Invoker.invokeTestMethod(Invoker.java:869)
	at org.testng.internal.Invoker.invokeTestMethods(Invoker.java:1193)
	at org.testng.internal.TestMethodWorker.invokeTestMethods(TestMethodWorker.java:126)
	at org.testng.internal.TestMethodWorker.run(TestMethodWorker.java:109)
	at org.testng.TestRunner.privateRun(TestRunner.java:744)
	at org.testng.TestRunner.run(TestRunner.java:602)
	at org.testng.SuiteRunner.runTest(SuiteRunner.java:380)
	at org.testng.SuiteRunner.runSequentially(SuiteRunner.java:375)
	at org.testng.SuiteRunner.privateRun(SuiteRunner.java:340)
	at org.testng.SuiteRunner.run(SuiteRunner.java:289)
	at org.testng.SuiteRunnerWorker.runSuite(SuiteRunnerWorker.java:52)
	at org.testng.SuiteRunnerWorker.run(SuiteRunnerWorker.java:86)
	at org.testng.TestNG.runSuitesSequentially(TestNG.java:1301)
	at org.testng.TestNG.runSuitesLocally(TestNG.java:1226)
	at org.testng.TestNG.runSuites(TestNG.java:1144)
	at org.testng.TestNG.run(TestNG.java:1115)
	at org.testng.remote.AbstractRemoteTestNG.run(AbstractRemoteTestNG.java:132)
	at org.testng.remote.RemoteTestNG.initAndRun(RemoteTestNG.java:236)
	at org.testng.remote.RemoteTestNG.main(RemoteTestNG.java:81)
]]>
            </full-stacktrace>
          </exception> <!-- org.openqa.selenium.NoSuchElementException -->
          <reporter-output>
            <line>
              <![CDATA[***********No of flights after NonStop filter applied***************]]>
            </line>
            <line>
              <![CDATA[Scrolling up to view element from start..]]>
            </line>
            <line>
              <![CDATA[Clearing applied filters..]]>
            </line>
          </reporter-output>
        </test-method> <!-- ValidateNumberOfFlightWith_NonStop -->
        <test-method status="PASS" signature="Setup()[pri:0, instance:com.makeMyTrip.qa.testCases.FlightResultsPageTestCase@4f7d0008]" name="Setup" is-config="true" duration-ms="0" started-at="2019-09-09T11:51:28Z" finished-at="2019-09-09T11:51:28Z">
          <reporter-output>
          </reporter-output>
        </test-method> <!-- Setup -->
        <test-method status="PASS" signature="tearDown()[pri:0, instance:com.makeMyTrip.qa.testCases.FlightResultsPageTestCase@4f7d0008]" name="tearDown" is-config="true" duration-ms="0" started-at="2019-09-09T11:51:28Z" finished-at="2019-09-09T11:51:28Z">
          <reporter-output>
          </reporter-output>
        </test-method> <!-- tearDown -->
        <test-method status="PASS" signature="tearDown()[pri:0, instance:com.makeMyTrip.qa.testCases.FlightResultsPageTestCase@4f7d0008]" name="tearDown" is-config="true" duration-ms="16" started-at="2019-09-09T11:51:39Z" finished-at="2019-09-09T11:51:39Z">
          <reporter-output>
          </reporter-output>
        </test-method> <!-- tearDown -->
        <test-method status="PASS" signature="Setup()[pri:0, instance:com.makeMyTrip.qa.testCases.FlightResultsPageTestCase@4f7d0008]" name="Setup" is-config="true" duration-ms="0" started-at="2019-09-09T11:51:39Z" finished-at="2019-09-09T11:51:39Z">
          <reporter-output>
          </reporter-output>
        </test-method> <!-- Setup -->
        <test-method status="FAIL" signature="ValidateNumberOfFlightWith_OneStop()[pri:3, instance:com.makeMyTrip.qa.testCases.FlightResultsPageTestCase@4f7d0008]" name="ValidateNumberOfFlightWith_OneStop" duration-ms="10477" started-at="2019-09-09T11:51:39Z" finished-at="2019-09-09T11:51:50Z">
          <exception class="org.openqa.selenium.NoSuchElementException">
            <message>
              <![CDATA[no such element: Unable to locate element: {"method":"xpath","selector":"//label[@for='collapsed_86472794-bf4a-4f89-a010-f2337dc15a1b']//span[@class='check']"}
  (Session info: chrome=76.0.3809.132)
  (Driver info: chromedriver=72.0.3626.69 (3c16f8a135abc0d4da2dff33804db79b849a7c38),platform=Windows NT 10.0.17134 x86_64) (WARNING: The server did not provide any stacktrace information)
Command duration or timeout: 0 milliseconds
For documentation on this error, please visit: http://seleniumhq.org/exceptions/no_such_element.html
Build info: version: '3.5.3', revision: 'a88d25fe6b', time: '2017-08-29T12:42:44.417Z'
System info: host: 'DESKTOP-6QUM1LC', ip: '192.168.0.12', os.name: 'Windows 10', os.arch: 'amd64', os.version: '10.0', java.version: '1.8.0_201'
Driver info: org.openqa.selenium.chrome.ChromeDriver
Capabilities [{mobileEmulationEnabled=false, timeouts={implicit=0, pageLoad=300000, script=30000}, hasTouchScreen=false, platform=XP, acceptSslCerts=false, goog:chromeOptions={debuggerAddress=localhost:55526}, acceptInsecureCerts=false, webStorageEnabled=true, browserName=chrome, takesScreenshot=true, javascriptEnabled=true, platformName=XP, setWindowRect=true, unexpectedAlertBehaviour=ignore, applicationCacheEnabled=false, rotatable=false, networkConnectionEnabled=false, chrome={chromedriverVersion=72.0.3626.69 (3c16f8a135abc0d4da2dff33804db79b849a7c38), userDataDir=C:\Users\PC\AppData\Local\Temp\scoped_dir9376_29410}, takesHeapSnapshot=true, unhandledPromptBehavior=ignore, pageLoadStrategy=normal, databaseEnabled=false, handlesAlerts=true, version=76.0.3809.132, browserConnectionEnabled=false, proxy=Proxy(), nativeEvents=true, locationContextEnabled=true, cssSelectorsEnabled=true}]
Session ID: edd7523b93e3b83e51d10e7a3ef3a6d6
*** Element info: {Using=xpath, value=//label[@for='collapsed_86472794-bf4a-4f89-a010-f2337dc15a1b']//span[@class='check']}]]>
            </message>
            <full-stacktrace>
              <![CDATA[org.openqa.selenium.NoSuchElementException: no such element: Unable to locate element: {"method":"xpath","selector":"//label[@for='collapsed_86472794-bf4a-4f89-a010-f2337dc15a1b']//span[@class='check']"}
  (Session info: chrome=76.0.3809.132)
  (Driver info: chromedriver=72.0.3626.69 (3c16f8a135abc0d4da2dff33804db79b849a7c38),platform=Windows NT 10.0.17134 x86_64) (WARNING: The server did not provide any stacktrace information)
Command duration or timeout: 0 milliseconds
For documentation on this error, please visit: http://seleniumhq.org/exceptions/no_such_element.html
Build info: version: '3.5.3', revision: 'a88d25fe6b', time: '2017-08-29T12:42:44.417Z'
System info: host: 'DESKTOP-6QUM1LC', ip: '192.168.0.12', os.name: 'Windows 10', os.arch: 'amd64', os.version: '10.0', java.version: '1.8.0_201'
Driver info: org.openqa.selenium.chrome.ChromeDriver
Capabilities [{mobileEmulationEnabled=false, timeouts={implicit=0, pageLoad=300000, script=30000}, hasTouchScreen=false, platform=XP, acceptSslCerts=false, goog:chromeOptions={debuggerAddress=localhost:55526}, acceptInsecureCerts=false, webStorageEnabled=true, browserName=chrome, takesScreenshot=true, javascriptEnabled=true, platformName=XP, setWindowRect=true, unexpectedAlertBehaviour=ignore, applicationCacheEnabled=false, rotatable=false, networkConnectionEnabled=false, chrome={chromedriverVersion=72.0.3626.69 (3c16f8a135abc0d4da2dff33804db79b849a7c38), userDataDir=C:\Users\PC\AppData\Local\Temp\scoped_dir9376_29410}, takesHeapSnapshot=true, unhandledPromptBehavior=ignore, pageLoadStrategy=normal, databaseEnabled=false, handlesAlerts=true, version=76.0.3809.132, browserConnectionEnabled=false, proxy=Proxy(), nativeEvents=true, locationContextEnabled=true, cssSelectorsEnabled=true}]
Session ID: edd7523b93e3b83e51d10e7a3ef3a6d6
*** Element info: {Using=xpath, value=//label[@for='collapsed_86472794-bf4a-4f89-a010-f2337dc15a1b']//span[@class='check']}
	at sun.reflect.NativeConstructorAccessorImpl.newInstance0(Native Method)
	at sun.reflect.NativeConstructorAccessorImpl.newInstance(Unknown Source)
	at sun.reflect.DelegatingConstructorAccessorImpl.newInstance(Unknown Source)
	at java.lang.reflect.Constructor.newInstance(Unknown Source)
	at org.openqa.selenium.remote.ErrorHandler.createThrowable(ErrorHandler.java:215)
	at org.openqa.selenium.remote.ErrorHandler.throwIfResponseFailed(ErrorHandler.java:167)
	at org.openqa.selenium.remote.http.JsonHttpResponseCodec.reconstructValue(JsonHttpResponseCodec.java:40)
	at org.openqa.selenium.remote.http.AbstractHttpResponseCodec.decode(AbstractHttpResponseCodec.java:82)
	at org.openqa.selenium.remote.http.AbstractHttpResponseCodec.decode(AbstractHttpResponseCodec.java:45)
	at org.openqa.selenium.remote.HttpCommandExecutor.execute(HttpCommandExecutor.java:164)
	at org.openqa.selenium.remote.service.DriverCommandExecutor.execute(DriverCommandExecutor.java:82)
	at org.openqa.selenium.remote.RemoteWebDriver.execute(RemoteWebDriver.java:646)
	at org.openqa.selenium.remote.RemoteWebDriver.findElement(RemoteWebDriver.java:416)
	at org.openqa.selenium.remote.RemoteWebDriver.findElementByXPath(RemoteWebDriver.java:518)
	at org.openqa.selenium.By$ByXPath.findElement(By.java:361)
	at org.openqa.selenium.remote.RemoteWebDriver.findElement(RemoteWebDriver.java:408)
	at org.openqa.selenium.support.pagefactory.DefaultElementLocator.findElement(DefaultElementLocator.java:69)
	at org.openqa.selenium.support.pagefactory.internal.LocatingElementHandler.invoke(LocatingElementHandler.java:38)
	at com.sun.proxy.$Proxy9.click(Unknown Source)
	at com.makeMyTrip.qa.pages.FlightResultsPage.StopsFlights(FlightResultsPage.java:105)
	at com.makeMyTrip.qa.testCases.FlightResultsPageTestCase.ValidateNumberOfFlightWith_OneStop(FlightResultsPageTestCase.java:51)
	at sun.reflect.NativeMethodAccessorImpl.invoke0(Native Method)
	at sun.reflect.NativeMethodAccessorImpl.invoke(Unknown Source)
	at sun.reflect.DelegatingMethodAccessorImpl.invoke(Unknown Source)
	at java.lang.reflect.Method.invoke(Unknown Source)
	at org.testng.internal.MethodInvocationHelper.invokeMethod(MethodInvocationHelper.java:108)
	at org.testng.internal.Invoker.invokeMethod(Invoker.java:661)
	at org.testng.internal.Invoker.invokeTestMethod(Invoker.java:869)
	at org.testng.internal.Invoker.invokeTestMethods(Invoker.java:1193)
	at org.testng.internal.TestMethodWorker.invokeTestMethods(TestMethodWorker.java:126)
	at org.testng.internal.TestMethodWorker.run(TestMethodWorker.java:109)
	at org.testng.TestRunner.privateRun(TestRunner.java:744)
	at org.testng.TestRunner.run(TestRunner.java:602)
	at org.testng.SuiteRunner.runTest(SuiteRunner.java:380)
	at org.testng.SuiteRunner.runSequentially(SuiteRunner.java:375)
	at org.testng.SuiteRunner.privateRun(SuiteRunner.java:340)
	at org.testng.SuiteRunner.run(SuiteRunner.java:289)
	at org.testng.SuiteRunnerWorker.runSuite(SuiteRunnerWorker.java:52)
	at org.testng.SuiteRunnerWorker.run(SuiteRunnerWorker.java:86)
	at org.testng.TestNG.runSuitesSequentially(TestNG.java:1301)
	at org.testng.TestNG.runSuitesLocally(TestNG.java:1226)
	at org.testng.TestNG.runSuites(TestNG.java:1144)
	at org.testng.TestNG.run(TestNG.java:1115)
	at org.testng.remote.AbstractRemoteTestNG.run(AbstractRemoteTestNG.java:132)
	at org.testng.remote.RemoteTestNG.initAndRun(RemoteTestNG.java:236)
	at org.testng.remote.RemoteTestNG.main(RemoteTestNG.java:81)
]]>
            </full-stacktrace>
          </exception> <!-- org.openqa.selenium.NoSuchElementException -->
          <reporter-output>
            <line>
              <![CDATA[***********No of flights after One STOP filter applied****************]]>
            </line>
            <line>
              <![CDATA[Scrolling up to view element from start..]]>
            </line>
            <line>
              <![CDATA[Clearing applied filters..]]>
            </line>
          </reporter-output>
        </test-method> <!-- ValidateNumberOfFlightWith_OneStop -->
        <test-method status="FAIL" signature="SelectFlightAndValidateTotal()[pri:4, instance:com.makeMyTrip.qa.testCases.FlightResultsPageTestCase@4f7d0008]" name="SelectFlightAndValidateTotal" duration-ms="1371" started-at="2019-09-09T11:51:50Z" finished-at="2019-09-09T11:51:51Z">
          <exception class="org.openqa.selenium.NoSuchElementException">
            <message>
              <![CDATA[no such element: Unable to locate element: {"method":"xpath","selector":"//div[@class='splitVw-footer-left ']"}
  (Session info: chrome=76.0.3809.132)
  (Driver info: chromedriver=72.0.3626.69 (3c16f8a135abc0d4da2dff33804db79b849a7c38),platform=Windows NT 10.0.17134 x86_64) (WARNING: The server did not provide any stacktrace information)
Command duration or timeout: 0 milliseconds
For documentation on this error, please visit: http://seleniumhq.org/exceptions/no_such_element.html
Build info: version: '3.5.3', revision: 'a88d25fe6b', time: '2017-08-29T12:42:44.417Z'
System info: host: 'DESKTOP-6QUM1LC', ip: '192.168.0.12', os.name: 'Windows 10', os.arch: 'amd64', os.version: '10.0', java.version: '1.8.0_201'
Driver info: org.openqa.selenium.chrome.ChromeDriver
Capabilities [{mobileEmulationEnabled=false, timeouts={implicit=0, pageLoad=300000, script=30000}, hasTouchScreen=false, platform=XP, acceptSslCerts=false, goog:chromeOptions={debuggerAddress=localhost:55526}, acceptInsecureCerts=false, webStorageEnabled=true, browserName=chrome, takesScreenshot=true, javascriptEnabled=true, platformName=XP, setWindowRect=true, unexpectedAlertBehaviour=ignore, applicationCacheEnabled=false, rotatable=false, networkConnectionEnabled=false, chrome={chromedriverVersion=72.0.3626.69 (3c16f8a135abc0d4da2dff33804db79b849a7c38), userDataDir=C:\Users\PC\AppData\Local\Temp\scoped_dir9376_29410}, takesHeapSnapshot=true, unhandledPromptBehavior=ignore, pageLoadStrategy=normal, databaseEnabled=false, handlesAlerts=true, version=76.0.3809.132, browserConnectionEnabled=false, proxy=Proxy(), nativeEvents=true, locationContextEnabled=true, cssSelectorsEnabled=true}]
Session ID: edd7523b93e3b83e51d10e7a3ef3a6d6
*** Element info: {Using=xpath, value=//div[@class='splitVw-footer-left ']}]]>
            </message>
            <full-stacktrace>
              <![CDATA[org.openqa.selenium.NoSuchElementException: no such element: Unable to locate element: {"method":"xpath","selector":"//div[@class='splitVw-footer-left ']"}
  (Session info: chrome=76.0.3809.132)
  (Driver info: chromedriver=72.0.3626.69 (3c16f8a135abc0d4da2dff33804db79b849a7c38),platform=Windows NT 10.0.17134 x86_64) (WARNING: The server did not provide any stacktrace information)
Command duration or timeout: 0 milliseconds
For documentation on this error, please visit: http://seleniumhq.org/exceptions/no_such_element.html
Build info: version: '3.5.3', revision: 'a88d25fe6b', time: '2017-08-29T12:42:44.417Z'
System info: host: 'DESKTOP-6QUM1LC', ip: '192.168.0.12', os.name: 'Windows 10', os.arch: 'amd64', os.version: '10.0', java.version: '1.8.0_201'
Driver info: org.openqa.selenium.chrome.ChromeDriver
Capabilities [{mobileEmulationEnabled=false, timeouts={implicit=0, pageLoad=300000, script=30000}, hasTouchScreen=false, platform=XP, acceptSslCerts=false, goog:chromeOptions={debuggerAddress=localhost:55526}, acceptInsecureCerts=false, webStorageEnabled=true, browserName=chrome, takesScreenshot=true, javascriptEnabled=true, platformName=XP, setWindowRect=true, unexpectedAlertBehaviour=ignore, applicationCacheEnabled=false, rotatable=false, networkConnectionEnabled=false, chrome={chromedriverVersion=72.0.3626.69 (3c16f8a135abc0d4da2dff33804db79b849a7c38), userDataDir=C:\Users\PC\AppData\Local\Temp\scoped_dir9376_29410}, takesHeapSnapshot=true, unhandledPromptBehavior=ignore, pageLoadStrategy=normal, databaseEnabled=false, handlesAlerts=true, version=76.0.3809.132, browserConnectionEnabled=false, proxy=Proxy(), nativeEvents=true, locationContextEnabled=true, cssSelectorsEnabled=true}]
Session ID: edd7523b93e3b83e51d10e7a3ef3a6d6
*** Element info: {Using=xpath, value=//div[@class='splitVw-footer-left ']}
	at sun.reflect.NativeConstructorAccessorImpl.newInstance0(Native Method)
	at sun.reflect.NativeConstructorAccessorImpl.newInstance(Unknown Source)
	at sun.reflect.DelegatingConstructorAccessorImpl.newInstance(Unknown Source)
	at java.lang.reflect.Constructor.newInstance(Unknown Source)
	at org.openqa.selenium.remote.ErrorHandler.createThrowable(ErrorHandler.java:215)
	at org.openqa.selenium.remote.ErrorHandler.throwIfResponseFailed(ErrorHandler.java:167)
	at org.openqa.selenium.remote.http.JsonHttpResponseCodec.reconstructValue(JsonHttpResponseCodec.java:40)
	at org.openqa.selenium.remote.http.AbstractHttpResponseCodec.decode(AbstractHttpResponseCodec.java:82)
	at org.openqa.selenium.remote.http.AbstractHttpResponseCodec.decode(AbstractHttpResponseCodec.java:45)
	at org.openqa.selenium.remote.HttpCommandExecutor.execute(HttpCommandExecutor.java:164)
	at org.openqa.selenium.remote.service.DriverCommandExecutor.execute(DriverCommandExecutor.java:82)
	at org.openqa.selenium.remote.RemoteWebDriver.execute(RemoteWebDriver.java:646)
	at org.openqa.selenium.remote.RemoteWebDriver.findElement(RemoteWebDriver.java:416)
	at org.openqa.selenium.remote.RemoteWebDriver.findElementByXPath(RemoteWebDriver.java:518)
	at org.openqa.selenium.By$ByXPath.findElement(By.java:361)
	at org.openqa.selenium.remote.RemoteWebDriver.findElement(RemoteWebDriver.java:408)
	at org.openqa.selenium.support.pagefactory.DefaultElementLocator.findElement(DefaultElementLocator.java:69)
	at org.openqa.selenium.support.pagefactory.internal.LocatingElementHandler.invoke(LocatingElementHandler.java:38)
	at com.sun.proxy.$Proxy9.getText(Unknown Source)
	at com.makeMyTrip.qa.pages.FlightResultsPage.ValidateSelectet_DepartureFlightDetails(FlightResultsPage.java:176)
	at com.makeMyTrip.qa.testCases.FlightResultsPageTestCase.Validate_SelectedFlightDetails(FlightResultsPageTestCase.java:93)
	at com.makeMyTrip.qa.testCases.FlightResultsPageTestCase.SelectFlightAndValidateTotal(FlightResultsPageTestCase.java:86)
	at sun.reflect.NativeMethodAccessorImpl.invoke0(Native Method)
	at sun.reflect.NativeMethodAccessorImpl.invoke(Unknown Source)
	at sun.reflect.DelegatingMethodAccessorImpl.invoke(Unknown Source)
	at java.lang.reflect.Method.invoke(Unknown Source)
	at org.testng.internal.MethodInvocationHelper.invokeMethod(MethodInvocationHelper.java:108)
	at org.testng.internal.Invoker.invokeMethod(Invoker.java:661)
	at org.testng.internal.Invoker.invokeTestMethod(Invoker.java:869)
	at org.testng.internal.Invoker.invokeTestMethods(Invoker.java:1193)
	at org.testng.internal.TestMethodWorker.invokeTestMethods(TestMethodWorker.java:126)
	at org.testng.internal.TestMethodWorker.run(TestMethodWorker.java:109)
	at org.testng.TestRunner.privateRun(TestRunner.java:744)
	at org.testng.TestRunner.run(TestRunner.java:602)
	at org.testng.SuiteRunner.runTest(SuiteRunner.java:380)
	at org.testng.SuiteRunner.runSequentially(SuiteRunner.java:375)
	at org.testng.SuiteRunner.privateRun(SuiteRunner.java:340)
	at org.testng.SuiteRunner.run(SuiteRunner.java:289)
	at org.testng.SuiteRunnerWorker.runSuite(SuiteRunnerWorker.java:52)
	at org.testng.SuiteRunnerWorker.run(SuiteRunnerWorker.java:86)
	at org.testng.TestNG.runSuitesSequentially(TestNG.java:1301)
	at org.testng.TestNG.runSuitesLocally(TestNG.java:1226)
	at org.testng.TestNG.runSuites(TestNG.java:1144)
	at org.testng.TestNG.run(TestNG.java:1115)
	at org.testng.remote.AbstractRemoteTestNG.run(AbstractRemoteTestNG.java:132)
	at org.testng.remote.RemoteTestNG.initAndRun(RemoteTestNG.java:236)
	at org.testng.remote.RemoteTestNG.main(RemoteTestNG.java:81)
]]>
            </full-stacktrace>
          </exception> <!-- org.openqa.selenium.NoSuchElementException -->
          <reporter-output>
            <line>
              <![CDATA[Clicked on Flight number 2]]>
            </line>
            <line>
              <![CDATA[Clicked on Flight number 3]]>
            </line>
            <line>
              <![CDATA[Selected Arrival flight Name: Spicejet |SG-6290Spicejet |SG-415]]>
            </line>
            <line>
              <![CDATA[Selected Arrival flight Name: ₹ 6,619]]>
            </line>
            <line>
              <![CDATA[Selected Arrival flight Name: Spicejet |SG-6933AirAsia |I5-308]]>
            </line>
            <line>
              <![CDATA[Selected Arrival flight Name: Re Check-in of Baggage required]]>
            </line>
          </reporter-output>
        </test-method> <!-- SelectFlightAndValidateTotal -->
        <test-method status="PASS" signature="tearDown()[pri:0, instance:com.makeMyTrip.qa.testCases.FlightResultsPageTestCase@4f7d0008]" name="tearDown" is-config="true" duration-ms="0" started-at="2019-09-09T11:51:50Z" finished-at="2019-09-09T11:51:50Z">
          <reporter-output>
          </reporter-output>
        </test-method> <!-- tearDown -->
        <test-method status="PASS" signature="Setup()[pri:0, instance:com.makeMyTrip.qa.testCases.FlightResultsPageTestCase@4f7d0008]" name="Setup" is-config="true" duration-ms="0" started-at="2019-09-09T11:51:50Z" finished-at="2019-09-09T11:51:50Z">
          <reporter-output>
          </reporter-output>
        </test-method> <!-- Setup -->
        <test-method status="PASS" signature="tearDown()[pri:0, instance:com.makeMyTrip.qa.testCases.FlightResultsPageTestCase@4f7d0008]" name="tearDown" is-config="true" duration-ms="0" started-at="2019-09-09T11:51:51Z" finished-at="2019-09-09T11:51:51Z">
          <reporter-output>
          </reporter-output>
        </test-method> <!-- tearDown -->
      </class> <!-- com.makeMyTrip.qa.testCases.FlightResultsPageTestCase -->
    </test> <!-- MakeMyTrip -->
  </suite> <!-- Suite -->
</testng-results>
